................................................................................
................................................................................
................................................................................
................................................................................
................................................................................
................................................................................
................................................................................
................................................................................
................................................................................
................................................................................
................................................................................
................................................................................
................................................................................
................................................................................
................................................................................
................................................................................
................................................................................
................................................................................
................................................................................
................................................................................
................................................................................
................................................................................
................................................................................
.....................................******.....................................
.............................*********....*********.............................
..........................****....................****..........................
........................***..........................***........................
.......................**..............................**.......................
.......................*................................*.......................
.......................*................................*.......................
.......................**..............................**.......................
..............********..**............................**..********..............
............***......******..........................******......***............
..........***............****......................****............***..........
.........**................***....................***................**.........
.........*....................*..................*....................*.........
........**............................................................**........
........*..............................................................*........
.......**..............................................................**.......
.......*................................................................*.......
.......*................................................................*.......
.......**..............................................................**.......
........*..............................................................*........
........**............................................................**........
.........*....................*..................*....................*.........
.........**................***....................***................**.........
..........***............****......................****............***..........
............***......******..........................******......***............
..............********..**............................**..********..............
.......................**..............................**.......................
.......................*................................*.......................
.......................*................................*.......................
.......................**..............................**.......................
........................***..........................***........................
..........................****....................****..........................
.............................*********....*********.............................
.....................................******.....................................
................................................................................
................................................................................
................................................................................
................................................................................
................................................................................
................................................................................
................................................................................
................................................................................
................................................................................
................................................................................
................................................................................
................................................................................
................................................................................
................................................................................
................................................................................
................................................................................
................................................................................
................................................................................
................................................................................
................................................................................
................................................................................
................................................................................
................................................................................
                                                  
                                                  
                                                  
                                                  
                                                  
                                                  
                                                  
                                                  
                                                  
                                                  
                                                  
                                                  
                                                  
                                                  
            XX                                    
             XX                                   
              XXX                                 
               XXXXX                              
               X   XXXX                      XX   
               XX     XXXXX              XXXXX    
                X         XXXXXXXXXXXXXXXXX       
               XX                      XX         
               X                     XXX          
               X                    XX            
              XX                   XX             
             XX                   XX              
            XX                    X               
          XXX                     X               
         XX                      XX               
       XXXXXXXXXXXXXXXXX         X                
    XXXXX              XXXXX     XX               
   XX                      XXXX   X               
                              XXXXX               
                                 XXX              
                                   XX             
                                    XX            
                                                  
                                                  
                                                  
                                                  
                                                  
                                                  
                                                  
                                                  
                                                  
                                                  
                                                  
                                                  
                                                  
                                                  
00000000000000000000000000000000000000000000000000
00000000000000000000000000000000000000000000000000
00000000000000000000000000000000000000000000000000
00000000000000000000000000000000000000000000000000
00000000000000000000000000000000000000000000000000
00000000000000000000000000000000000000000000000000
00000000000000000000000000000000000000000000000000
00000000000000000000000000000000000000000000000000
00000000000000000000000000000000000000000000000000
00000000000000000000000000000000000000000000000000
00000000000000000000000000000000000000000000000000
00000000000000000000000000000000000000000000000000
00000000000000000000000000000000000000000000000000
00000000000000000000000000000000000000000000000000
000000000000  000000000000000000000000000000000000
0000000000000  00000000000000000000000000000000000
00000000000000   000000000000000000000000000000000
000000000000000     000000000000000000000000000000
000000000000000 000    0000000000000000000000  000
000000000000000  00000     00000000000000     0000
0000000000000000 000000000                 0000000
000000000000000  0000000000000000000000  000000000
000000000000000 000000000000000000000   0000000000
000000000000000 00000000000000000000  000000000000
00000000000000  0000000000000000000  0000000000000
0000000000000  0000000000000000000  00000000000000
000000000000  00000000000000000000 000000000000000
0000000000   000000000000000000000 000000000000000
000000000  0000000000000000000000  000000000000000
0000000                 000000000 0000000000000000
0000     00000000000000     00000  000000000000000
000  0000000000000000000000    000 000000000000000
000000000000000000000000000000     000000000000000
000000000000000000000000000000000   00000000000000
00000000000000000000000000000000000  0000000000000
000000000000000000000000000000000000  000000000000
00000000000000000000000000000000000000000000000000
00000000000000000000000000000000000000000000000000
00000000000000000000000000000000000000000000000000
00000000000000000000000000000000000000000000000000
00000000000000000000000000000000000000000000000000
00000000000000000000000000000000000000000000000000
00000000000000000000000000000000000000000000000000
00000000000000000000000000000000000000000000000000
00000000000000000000000000000000000000000000000000
00000000000000000000000000000000000000000000000000
00000000000000000000000000000000000000000000000000
00000000000000000000000000000000000000000000000000
00000000000000000000000000000000000000000000000000
00000000000000000000000000000000000000000000000000
                                                            
                                                            
                                                            
                                                            
                                                            
                                                            
                                                            
                                                            
                                                            
                                                            
                                                            
                                                            
                                                            
                                                            
                                                            
                    ********************                    
                *****                  *****                
            ****                            ****            
          ***                                  ***          
        ***                                      ***        
      ***                                          ***      
     **                                              **     
    **              ***              ***              **    
   *          *******                  *******          *   
  **       ****                              ****       **  
 **                                                      ** 
 *                                                        * 
**                                                        **
*                                                          *
*                          ******                          *
*                         **    **                         *
*          *              *      *              *          *
**         *                                    *         **
 *         **                                  **         * 
 **         ***                              ***         ** 
  **          ****                        ****          **  
   *             ******              ******             *   
    **                 **************                 **    
     **                                              **     
      ***                                          ***      
        ***                                      ***        
          ***                                  ***          
            ****                            ****            
                *****                  *****                
                    ********************                    
                                                            
                                                            
                                                            
                                                            
                                                            
                                                            
                                                            
                                                            
                                                            
                                                            
                                                            
                                                            
                                                            
                                                            
                                                            
Curve node correctness: PASS
Exception: PASS
