                                                                                
                                                                                
                                                                                
                                                                                
                                                                                
                                                                                
                                                                                
                                                                                
                                                                                
                                                                                
                                                                                
                                                                                
                                                                                
                                                                                
                                                                                
                                                                                
                                                                                
                                                                                
                                                                                
                                                                                
                                                                                
                                                                                
                                                                                
                                     oooooo                                     
                             ooooooooo    ooooooooo                             
                          oooo                    oooo                          
                        ooo                          ooo                        
                       oo                              oo                       
                       o                                o                       
                       o                                o                       
                       oo                              oo                       
              oooooooo  oo                            oo  oooooooo              
            ooo      oooooo                          oooooo      ooo            
          ooo            oooo                      oooo            ooo          
         oo                ooo                    ooo                oo         
         o                    o                  o                    o         
        oo                                                            oo        
        o                                                              o        
       oo                                                              oo       
       o                                                                o       
       o                                                                o       
       oo                                                              oo       
        o                                                              o        
        oo                                                            oo        
         o                    o                  o                    o         
         oo                ooo                    ooo                oo         
          ooo            oooo                      oooo            ooo          
            ooo      oooooo                          oooooo      ooo            
              oooooooo  oo                            oo  oooooooo              
                       oo                              oo                       
                       o                                o                       
                       o                                o                       
                       oo                              oo                       
                        ooo                          ooo                        
                          oooo                    oooo                          
                             ooooooooo    ooooooooo                             
                                     oooooo                                     
                                                                                
                                                                                
                                                                                
                                                                                
                                                                                
                                                                                
                                                                                
                                                                                
                                                                                
                                                                                
                                                                                
                                                                                
                                                                                
                                                                                
                                                                                
                                                                                
                                                                                
                                                                                
                                                                                
                                                                                
                                                                                
                                                                                
                                                                                
